Using pre-set license
Built from '2022.1/staging' branch; Version is '2022.1.23f1 (9636b062134a) revision 9844400'; Using compiler version '192829333'; Build Type 'Release'
OS: 'Windows 10  (10.0.19044) 64bit CoreSingleLanguage' Language: 'tr' Physical Memory: 16323 MB
BatchMode: 1, IsHumanControllingUs: 0, StartBugReporterOnCrash: 0, Is64bit: 1, IsPro: 1

COMMAND LINE ARGUMENTS:
C:\Program Files\Unity\Hub\Editor\2022.1.23f1\Editor\Unity.exe
-adb2
-batchMode
-noUpm
-name
AssetImportWorker0
-projectPath
C:/Users/pc/Documents/GitHub/Alaca/Alaca
-logFile
Logs/AssetImportWorker0.log
-srvPort
59134
Successfully changed project path to: C:/Users/pc/Documents/GitHub/Alaca/Alaca
C:/Users/pc/Documents/GitHub/Alaca/Alaca
[UnityMemory] Configuration Parameters - Can be set up in boot.config
    "memorysetup-bucket-allocator-granularity=16"
    "memorysetup-bucket-allocator-bucket-count=8"
    "memorysetup-bucket-allocator-block-size=33554432"
    "memorysetup-bucket-allocator-block-count=8"
    "memorysetup-main-allocator-block-size=16777216"
    "memorysetup-thread-allocator-block-size=16777216"
    "memorysetup-gfx-main-allocator-block-size=16777216"
    "memorysetup-gfx-thread-allocator-block-size=16777216"
    "memorysetup-cache-allocator-block-size=4194304"
    "memorysetup-typetree-allocator-block-size=2097152"
    "memorysetup-profiler-bucket-allocator-granularity=16"
    "memorysetup-profiler-bucket-allocator-bucket-count=8"
    "memorysetup-profiler-bucket-allocator-block-size=33554432"
    "memorysetup-profiler-bucket-allocator-block-count=8"
    "memorysetup-profiler-allocator-block-size=16777216"
    "memorysetup-profiler-editor-allocator-block-size=1048576"
    "memorysetup-temp-allocator-size-main=16777216"
    "memorysetup-job-temp-allocator-block-size=2097152"
    "memorysetup-job-temp-allocator-block-size-background=1048576"
    "memorysetup-job-temp-allocator-reduction-small-platforms=262144"
    "memorysetup-temp-allocator-size-background-worker=32768"
    "memorysetup-temp-allocator-size-job-worker=262144"
    "memorysetup-temp-allocator-size-preload-manager=33554432"
    "memorysetup-temp-allocator-size-nav-mesh-worker=65536"
    "memorysetup-temp-allocator-size-audio-worker=65536"
    "memorysetup-temp-allocator-size-cloud-worker=32768"
    "memorysetup-temp-allocator-size-gi-baking-worker=262144"
    "memorysetup-temp-allocator-size-gfx=262144"
Refreshing native plugins compatible for Editor in 38.49 ms, found 2 plugins.
Preloading 0 native plugins for Editor in 0.00 ms.
Initialize engine version: 2022.1.23f1 (9636b062134a)
[Subsystems] Discovering subsystems at path C:/Program Files/Unity/Hub/Editor/2022.1.23f1/Editor/Data/Resources/UnitySubsystems
[Subsystems] Discovering subsystems at path C:/Users/pc/Documents/GitHub/Alaca/Alaca/Assets
GfxDevice: creating device client; threaded=0; jobified=0
Direct3D:
    Version:  Direct3D 11.0 [level 11.1]
    Renderer: NVIDIA GeForce GTX 1070 (ID=0x1b81)
    Vendor:   NVIDIA
    VRAM:     8088 MB
    Driver:   30.0.15.1215
Initialize mono
Mono path[0] = 'C:/Program Files/Unity/Hub/Editor/2022.1.23f1/Editor/Data/Managed'
Mono path[1] = 'C:/Program Files/Unity/Hub/Editor/2022.1.23f1/Editor/Data/MonoBleedingEdge/lib/mono/unityjit-win32'
Mono config path = 'C:/Program Files/Unity/Hub/Editor/2022.1.23f1/Editor/Data/MonoBleedingEdge/etc'
Using monoOptions --debugger-agent=transport=dt_socket,embedding=1,server=y,suspend=n,address=127.0.0.1:56156
Begin MonoManager ReloadAssembly
Registering precompiled unity dll's ...
Register platform support module: C:/Program Files/Unity/Hub/Editor/2022.1.23f1/Editor/Data/PlaybackEngines/WebGLSupport/UnityEditor.WebGL.Extensions.dll
Register platform support module: C:/Program Files/Unity/Hub/Editor/2022.1.23f1/Editor/Data/PlaybackEngines/AndroidPlayer/UnityEditor.Android.Extensions.dll
Register platform support module: C:/Program Files/Unity/Hub/Editor/2022.1.23f1/Editor/Data/PlaybackEngines/WindowsStandaloneSupport/UnityEditor.WindowsStandalone.Extensions.dll
Registered in 0.159677 seconds.
Native extension for WindowsStandalone target not found
Native extension for Android target not found
Native extension for WebGL target not found
Refreshing native plugins compatible for Editor in 33.01 ms, found 2 plugins.
Preloading 0 native plugins for Editor in 0.00 ms.
Mono: successfully reloaded assembly
- Completed reload, in  3.061 seconds
Domain Reload Profiling:
	ReloadAssembly (3062ms)
		BeginReloadAssembly (2061ms)
			ExecutionOrderSort (0ms)
			DisableScriptedObjects (0ms)
			BackupInstance (0ms)
			ReleaseScriptingObjects (0ms)
			CreateAndSetChildDomain (1ms)
		EndReloadAssembly (658ms)
			LoadAssemblies (2070ms)
			RebuildTransferFunctionScriptingTraits (0ms)
			SetupTypeCache (197ms)
				TypeCache.Initialize (197ms)
					TypeCache.ScanAssembly (194ms)
				ResolveRequiredComponents (1ms)
			ReleaseScriptCaches (0ms)
			RebuildScriptCaches (36ms)
			SetupLoadedEditorAssemblies (338ms)
				LogAssemblyErrors (0ms)
				InitializePlatformSupportModulesInManaged (77ms)
				SetLoadedEditorAssemblies (19ms)
				RefreshPlugins (33ms)
				BeforeProcessingInitializeOnLoad (1ms)
				ProcessInitializeOnLoadAttributes (128ms)
				ProcessInitializeOnLoadMethodAttributes (79ms)
				AfterProcessingInitializeOnLoad (0ms)
				EditorAssembliesLoaded (0ms)
			ExecutionOrderSort2 (0ms)
			AwakeInstancesAfterBackupRestoration (0ms)
Platform modules already initialized, skipping
Registering precompiled user dll's ...
Registered in 0.006747 seconds.
Android Extension - Scanning For ADB Devices 5221 ms
Begin MonoManager ReloadAssembly
Native extension for WindowsStandalone target not found
Native extension for Android target not found
Native extension for WebGL target not found
Refreshing native plugins compatible for Editor in 0.50 ms, found 2 plugins.
Preloading 0 native plugins for Editor in 0.00 ms.
Mono: successfully reloaded assembly
- Completed reload, in  2.390 seconds
Domain Reload Profiling:
	ReloadAssembly (2392ms)
		BeginReloadAssembly (163ms)
			ExecutionOrderSort (0ms)
			DisableScriptedObjects (6ms)
			BackupInstance (0ms)
			ReleaseScriptingObjects (0ms)
			CreateAndSetChildDomain (25ms)
		EndReloadAssembly (1962ms)
			LoadAssemblies (961ms)
			RebuildTransferFunctionScriptingTraits (0ms)
			SetupTypeCache (351ms)
				TypeCache.Initialize (347ms)
					TypeCache.ScanAssembly (342ms)
				ResolveRequiredComponents (4ms)
			ReleaseScriptCaches (1ms)
			RebuildScriptCaches (54ms)
			SetupLoadedEditorAssemblies (525ms)
				LogAssemblyErrors (0ms)
				InitializePlatformSupportModulesInManaged (64ms)
				SetLoadedEditorAssemblies (7ms)
				RefreshPlugins (1ms)
				BeforeProcessingInitializeOnLoad (82ms)
				ProcessInitializeOnLoadAttributes (316ms)
				ProcessInitializeOnLoadMethodAttributes (34ms)
				AfterProcessingInitializeOnLoad (22ms)
				EditorAssembliesLoaded (0ms)
			ExecutionOrderSort2 (0ms)
			AwakeInstancesAfterBackupRestoration (16ms)
Platform modules already initialized, skipping
========================================================================
Worker process is ready to serve import requests
Launched and connected shader compiler UnityShaderCompiler.exe after 0.08 seconds
Refreshing native plugins compatible for Editor in 0.64 ms, found 2 plugins.
Preloading 0 native plugins for Editor in 0.00 ms.
Unloading 1665 Unused Serialized files (Serialized files now loaded: 0)
Unloading 20 unused Assets / (50.0 KB). Loaded Objects now: 2133.
Memory consumption went from 276.7 MB to 276.7 MB.
Total: 5.438600 ms (FindLiveObjects: 0.771000 ms CreateObjectMapping: 0.088300 ms MarkObjects: 4.463700 ms  DeleteObjects: 0.113800 ms)

AssetImportParameters requested are different than current active one (requested -> active):
  custom:video-decoder-ogg-theora: a1e56fd34408186e4bbccfd4996cb3dc -> 
  custom:container-muxer-webm: aa71ff27fc2769a1b78a27578f13a17b -> 
  custom:container-demuxer-webm: 4f35f7cbe854078d1ac9338744f61a02 -> 
  custom:video-encoder-webm-vp8: eb34c28f22e8b96e1ab97ce403110664 -> 
  custom:audio-encoder-webm-vorbis: bf7c407c2cedff20999df2af8eb42d56 -> 
  custom:framework-win-MediaFoundation: 216162199b28c13a410421893ffa2e32 -> 
  custom:container-demuxer-ogg: 62fdf1f143b41e24485cea50d1cbac27 -> 
  custom:video-decoder-webm-vp8: 9c59270c3fd7afecdb556c50c9e8de78 -> 
  custom:audio-decoder-ogg-vorbis: bf7c407c2cedff20999df2af8eb42d56 -> 
========================================================================
Received Import Request.
  Time since last request: 4541.560114 seconds.
  path: Assets/Scenes
  artifactKey: Guid(b4dea00dbc43a15418dc463f13afb61f) Importer(815301076,1909f56bfc062723c751e8b465ee728b)
Start importing Assets/Scenes using Guid(b4dea00dbc43a15418dc463f13afb61f) Importer(815301076,1909f56bfc062723c751e8b465ee728b)  -> (artifact id: '842895aa76af1434aa1edf656db1db7f') in 0.005621 seconds 
========================================================================
Received Import Request.
  Time since last request: 79.129671 seconds.
  path: Assets/Images/Achievements
  artifactKey: Guid(dae0a644c30b00a47b76c5ce29a84915) Importer(815301076,1909f56bfc062723c751e8b465ee728b)
Start importing Assets/Images/Achievements using Guid(dae0a644c30b00a47b76c5ce29a84915) Importer(815301076,1909f56bfc062723c751e8b465ee728b)  -> (artifact id: 'dd496ed4e755550b98a80ded7b0d62d6') in 0.004328 seconds 
========================================================================
Received Import Request.
  Time since last request: 0.071172 seconds.
  path: Assets/Images/Achievements/achievement_four.png
  artifactKey: Guid(4350a14768046564c8ec88e944bd2077) Importer(815301076,1909f56bfc062723c751e8b465ee728b)
Start importing Assets/Images/Achievements/achievement_four.png using Guid(4350a14768046564c8ec88e944bd2077) Importer(815301076,1909f56bfc062723c751e8b465ee728b)  -> (artifact id: 'd192a184540b3ff9cee067e58fb8b0fb') in 0.145120 seconds 
========================================================================
Received Import Request.
  Time since last request: 0.000031 seconds.
  path: Assets/Images/Achievements/locked.png
  artifactKey: Guid(87c06b3d26a7235499cc73cb0ce55519) Importer(815301076,1909f56bfc062723c751e8b465ee728b)
Start importing Assets/Images/Achievements/locked.png using Guid(87c06b3d26a7235499cc73cb0ce55519) Importer(815301076,1909f56bfc062723c751e8b465ee728b)  -> (artifact id: '54db462b400ff60a7814784ecea97b81') in 0.028832 seconds 
========================================================================
Received Import Request.
  Time since last request: 0.000028 seconds.
  path: Assets/Images/Achievements/wood.png
  artifactKey: Guid(33dfbbe7e96585045bc2a0d3c4dc791d) Importer(815301076,1909f56bfc062723c751e8b465ee728b)
Start importing Assets/Images/Achievements/wood.png using Guid(33dfbbe7e96585045bc2a0d3c4dc791d) Importer(815301076,1909f56bfc062723c751e8b465ee728b)  -> (artifact id: 'f6d507853f641f6565344544d50bb5b3') in 0.069377 seconds 
========================================================================
Received Import Request.
  Time since last request: 0.000032 seconds.
  path: Assets/Images/Achievements/slider_stick.png
  artifactKey: Guid(a6700309937a66f4dba31f6a671264ce) Importer(815301076,1909f56bfc062723c751e8b465ee728b)
Start importing Assets/Images/Achievements/slider_stick.png using Guid(a6700309937a66f4dba31f6a671264ce) Importer(815301076,1909f56bfc062723c751e8b465ee728b)  -> (artifact id: 'a424a8e33315c4531bbeaad71fd8ef73') in 0.026818 seconds 
========================================================================
Received Import Request.
  Time since last request: 0.000030 seconds.
  path: Assets/Images/Achievements/wood_panel.png
  artifactKey: Guid(0fba722f203baad44a541ef5956d09ed) Importer(815301076,1909f56bfc062723c751e8b465ee728b)
Start importing Assets/Images/Achievements/wood_panel.png using Guid(0fba722f203baad44a541ef5956d09ed) Importer(815301076,1909f56bfc062723c751e8b465ee728b)  -> (artifact id: '35301af54f47394b9e2aace9901e1c1a') in 0.227208 seconds 
========================================================================
Received Import Request.
  Time since last request: 0.000031 seconds.
  path: Assets/Images/Achievements/square.png
  artifactKey: Guid(5e4345987e2cc9949aa5bf03fe3f8942) Importer(815301076,1909f56bfc062723c751e8b465ee728b)
Start importing Assets/Images/Achievements/square.png using Guid(5e4345987e2cc9949aa5bf03fe3f8942) Importer(815301076,1909f56bfc062723c751e8b465ee728b)  -> (artifact id: 'cbc10ca17987fc425bc12bca57d8342b') in 0.033014 seconds 
========================================================================
Received Prepare
Registering precompiled user dll's ...
Registered in 0.005500 seconds.
Begin MonoManager ReloadAssembly
Native extension for WindowsStandalone target not found
Native extension for Android target not found
Native extension for WebGL target not found
Refreshing native plugins compatible for Editor in 0.43 ms, found 2 plugins.
Preloading 0 native plugins for Editor in 0.00 ms.
Mono: successfully reloaded assembly
- Completed reload, in  1.177 seconds
Domain Reload Profiling:
	ReloadAssembly (1178ms)
		BeginReloadAssembly (166ms)
			ExecutionOrderSort (0ms)
			DisableScriptedObjects (6ms)
			BackupInstance (0ms)
			ReleaseScriptingObjects (0ms)
			CreateAndSetChildDomain (40ms)
		EndReloadAssembly (877ms)
			LoadAssemblies (119ms)
			RebuildTransferFunctionScriptingTraits (0ms)
			SetupTypeCache (287ms)
				TypeCache.Initialize (284ms)
					TypeCache.ScanAssembly (277ms)
				ResolveRequiredComponents (3ms)
			ReleaseScriptCaches (2ms)
			RebuildScriptCaches (58ms)
			SetupLoadedEditorAssemblies (354ms)
				LogAssemblyErrors (0ms)
				InitializePlatformSupportModulesInManaged (29ms)
				SetLoadedEditorAssemblies (7ms)
				RefreshPlugins (1ms)
				BeforeProcessingInitializeOnLoad (71ms)
				ProcessInitializeOnLoadAttributes (204ms)
				ProcessInitializeOnLoadMethodAttributes (25ms)
				AfterProcessingInitializeOnLoad (17ms)
				EditorAssembliesLoaded (0ms)
			ExecutionOrderSort2 (0ms)
			AwakeInstancesAfterBackupRestoration (12ms)
Platform modules already initialized, skipping
Refreshing native plugins compatible for Editor in 1.75 ms, found 2 plugins.
Preloading 0 native plugins for Editor in 0.00 ms.
Unloading 1707 Unused Serialized files (Serialized files now loaded: 0)
Unloading 26 unused Assets / (0.7 MB). Loaded Objects now: 2191.
Memory consumption went from 288.7 MB to 288.0 MB.
Total: 3.331900 ms (FindLiveObjects: 0.169000 ms CreateObjectMapping: 0.101000 ms MarkObjects: 2.723200 ms  DeleteObjects: 0.337700 ms)

AssetImportParameters requested are different than current active one (requested -> active):
  custom:video-decoder-ogg-theora: a1e56fd34408186e4bbccfd4996cb3dc -> 
  custom:container-muxer-webm: aa71ff27fc2769a1b78a27578f13a17b -> 
  custom:container-demuxer-webm: 4f35f7cbe854078d1ac9338744f61a02 -> 
  custom:video-encoder-webm-vp8: eb34c28f22e8b96e1ab97ce403110664 -> 
  custom:audio-encoder-webm-vorbis: bf7c407c2cedff20999df2af8eb42d56 -> 
  custom:framework-win-MediaFoundation: 216162199b28c13a410421893ffa2e32 -> 
  custom:container-demuxer-ogg: 62fdf1f143b41e24485cea50d1cbac27 -> 
  custom:video-decoder-webm-vp8: 9c59270c3fd7afecdb556c50c9e8de78 -> 
  custom:audio-decoder-ogg-vorbis: bf7c407c2cedff20999df2af8eb42d56 -> 
========================================================================
Received Import Request.
  Time since last request: 2265.402553 seconds.
  path: Assets/Images/background/background.png
  artifactKey: Guid(f12f6893df6930540b9d53e422bf0cd9) Importer(815301076,1909f56bfc062723c751e8b465ee728b)
Start importing Assets/Images/background/background.png using Guid(f12f6893df6930540b9d53e422bf0cd9) Importer(815301076,1909f56bfc062723c751e8b465ee728b)  -> (artifact id: 'e9eede8c0792d87d46a27cd972736e61') in 1.206488 seconds 
========================================================================
Received Import Request.
  Time since last request: 0.000033 seconds.
  path: Assets/Images/Buttons/wood_panel.png
  artifactKey: Guid(a8d6e63bbece18d43b4209ab5c1df49e) Importer(815301076,1909f56bfc062723c751e8b465ee728b)
Start importing Assets/Images/Buttons/wood_panel.png using Guid(a8d6e63bbece18d43b4209ab5c1df49e) Importer(815301076,1909f56bfc062723c751e8b465ee728b)  -> (artifact id: 'd5a14eeace458911f9f169cacc2c9b88') in 0.621769 seconds 
========================================================================
Received Import Request.
  Time since last request: 1.204389 seconds.
  path: Assets/Images/ButtonsTest/5hxzf7h0.bmp
  artifactKey: Guid(df7eaedc9889937438a8a817061b6e30) Importer(815301076,1909f56bfc062723c751e8b465ee728b)
Start importing Assets/Images/ButtonsTest/5hxzf7h0.bmp using Guid(df7eaedc9889937438a8a817061b6e30) Importer(815301076,1909f56bfc062723c751e8b465ee728b)  -> (artifact id: 'd9bd5da85628dc55a9ac59eebb36d9f5') in 0.266881 seconds 
========================================================================
Received Import Request.
  Time since last request: 0.000032 seconds.
  path: Assets/Images/ButtonsTest/de9pru0i.bmp
  artifactKey: Guid(94faddaffa8527b46b69f0fda914e8d8) Importer(815301076,1909f56bfc062723c751e8b465ee728b)
Start importing Assets/Images/ButtonsTest/de9pru0i.bmp using Guid(94faddaffa8527b46b69f0fda914e8d8) Importer(815301076,1909f56bfc062723c751e8b465ee728b)  -> (artifact id: '1a5c81b999d13c3bf998916d1312ffde') in 0.031205 seconds 
========================================================================
Received Import Request.
  Time since last request: 0.000030 seconds.
  path: Assets/Images/ButtonsTest/e47jajyk.bmp
  artifactKey: Guid(5929b3bd83bb82a48b44e283ebd95761) Importer(815301076,1909f56bfc062723c751e8b465ee728b)
Start importing Assets/Images/ButtonsTest/e47jajyk.bmp using Guid(5929b3bd83bb82a48b44e283ebd95761) Importer(815301076,1909f56bfc062723c751e8b465ee728b)  -> (artifact id: '5b7fd88e06976c9e028b8841ec9e39fa') in 0.052432 seconds 
========================================================================
Received Import Request.
  Time since last request: 1.127447 seconds.
  path: Assets/Images/Coins/coins.png
  artifactKey: Guid(c0b0f31bd5a415c4985d22afe17d4106) Importer(815301076,1909f56bfc062723c751e8b465ee728b)
Start importing Assets/Images/Coins/coins.png using Guid(c0b0f31bd5a415c4985d22afe17d4106) Importer(815301076,1909f56bfc062723c751e8b465ee728b)  -> (artifact id: '6ae23e24986fd22a77c5f7c08a87331f') in 0.071544 seconds 
========================================================================
Received Import Request.
  Time since last request: 6.543520 seconds.
  path: Assets/Images/GameMenu/background.png
  artifactKey: Guid(cff7c755846a2c24e8a7a7b05f12ba84) Importer(815301076,1909f56bfc062723c751e8b465ee728b)
Start importing Assets/Images/GameMenu/background.png using Guid(cff7c755846a2c24e8a7a7b05f12ba84) Importer(815301076,1909f56bfc062723c751e8b465ee728b)  -> (artifact id: 'c9eea77776b4b0fcfdf07ead5fd097cd') in 0.965499 seconds 
========================================================================
Received Import Request.
  Time since last request: 0.000027 seconds.
  path: Assets/Images/GameMenu/phone_sign.png
  artifactKey: Guid(bddb2b9e2ab407b40a784c7edba9ff5c) Importer(815301076,1909f56bfc062723c751e8b465ee728b)
Start importing Assets/Images/GameMenu/phone_sign.png using Guid(bddb2b9e2ab407b40a784c7edba9ff5c) Importer(815301076,1909f56bfc062723c751e8b465ee728b)  -> (artifact id: '5bff462918a1f6c54cfb5804278fe1e1') in 0.038767 seconds 
========================================================================
Received Import Request.
  Time since last request: 1.040821 seconds.
  path: Assets/Images/LevelSelect/large_star.png
  artifactKey: Guid(5b18e8ed584ccf0418998676a0870324) Importer(815301076,1909f56bfc062723c751e8b465ee728b)
Start importing Assets/Images/LevelSelect/large_star.png using Guid(5b18e8ed584ccf0418998676a0870324) Importer(815301076,1909f56bfc062723c751e8b465ee728b)  -> (artifact id: '5646c63bd6ba3972ce378484ddbcf4c9') in 0.489117 seconds 
========================================================================
Received Import Request.
  Time since last request: 0.000035 seconds.
  path: Assets/Images/LevelSelect/lose_wood.png
  artifactKey: Guid(bc10e6ea304a69d4a8ef1fd0f22bb2b4) Importer(815301076,1909f56bfc062723c751e8b465ee728b)
Start importing Assets/Images/LevelSelect/lose_wood.png using Guid(bc10e6ea304a69d4a8ef1fd0f22bb2b4) Importer(815301076,1909f56bfc062723c751e8b465ee728b)  -> (artifact id: '17d436e98bbb198e0536913fbd6b805d') in 0.649370 seconds 
========================================================================
Received Import Request.
  Time since last request: 0.000045 seconds.
  path: Assets/Images/MainMenu/wood.png
  artifactKey: Guid(7f8778fba120cb54184ad7910a6c9790) Importer(815301076,1909f56bfc062723c751e8b465ee728b)
Start importing Assets/Images/MainMenu/wood.png using Guid(7f8778fba120cb54184ad7910a6c9790) Importer(815301076,1909f56bfc062723c751e8b465ee728b)  -> (artifact id: '10e559189df57c74d16d929e4d208f75') in 0.181285 seconds 
========================================================================
Received Import Request.
  Time since last request: 0.135943 seconds.
  path: Assets/Images/PopupElements/close.png
  artifactKey: Guid(ebfeee2aa97de624cb62767eda378c1d) Importer(815301076,1909f56bfc062723c751e8b465ee728b)
Start importing Assets/Images/PopupElements/close.png using Guid(ebfeee2aa97de624cb62767eda378c1d) Importer(815301076,1909f56bfc062723c751e8b465ee728b)  -> (artifact id: 'ba9c767331b176d4084075889e34dcac') in 0.772385 seconds 
========================================================================
Received Import Request.
  Time since last request: 0.000030 seconds.
  path: Assets/Images/PopupElements/wood_panel_new.png
  artifactKey: Guid(de11f50a03f739d43a6007d70e004e5c) Importer(815301076,1909f56bfc062723c751e8b465ee728b)
Start importing Assets/Images/PopupElements/wood_panel_new.png using Guid(de11f50a03f739d43a6007d70e004e5c) Importer(815301076,1909f56bfc062723c751e8b465ee728b)  -> (artifact id: '6dfec8e4a8efcd3cc6fda55a39e3e382') in 0.978641 seconds 
========================================================================
Received Import Request.
  Time since last request: 0.000044 seconds.
  path: Assets/Images/PopupElements/wood 1.png
  artifactKey: Guid(55769e2a898d8d94782cbbf0d44ec0d7) Importer(815301076,1909f56bfc062723c751e8b465ee728b)
Start importing Assets/Images/PopupElements/wood 1.png using Guid(55769e2a898d8d94782cbbf0d44ec0d7) Importer(815301076,1909f56bfc062723c751e8b465ee728b)  -> (artifact id: 'ff79b1e4be78adad283f0d36451133ab') in 0.441325 seconds 
========================================================================
Received Import Request.
  Time since last request: 0.000030 seconds.
  path: Assets/Images/PopupElements/wood_panel 3.png
  artifactKey: Guid(ebbdb102472c91242bac5890da41a1f6) Importer(815301076,1909f56bfc062723c751e8b465ee728b)
Start importing Assets/Images/PopupElements/wood_panel 3.png using Guid(ebbdb102472c91242bac5890da41a1f6) Importer(815301076,1909f56bfc062723c751e8b465ee728b)  -> (artifact id: 'f68c3be1308933baed3acae4268b5df2') in 0.598859 seconds 
========================================================================
Received Import Request.
  Time since last request: 0.186259 seconds.
  path: Assets/Images/Settings/left_sign.png
  artifactKey: Guid(d946bd59d6c675d498f222c2d57e4f4b) Importer(815301076,1909f56bfc062723c751e8b465ee728b)
Start importing Assets/Images/Settings/left_sign.png using Guid(d946bd59d6c675d498f222c2d57e4f4b) Importer(815301076,1909f56bfc062723c751e8b465ee728b)  -> (artifact id: 'f48488a9a4c4b389143ed366256d69d7') in 0.494725 seconds 
========================================================================
Received Import Request.
  Time since last request: 0.056720 seconds.
  path: Assets/Images/ShopPopup/high_money.png
  artifactKey: Guid(39db210375bcb1f40ab582f2a4f22108) Importer(815301076,1909f56bfc062723c751e8b465ee728b)
Start importing Assets/Images/ShopPopup/high_money.png using Guid(39db210375bcb1f40ab582f2a4f22108) Importer(815301076,1909f56bfc062723c751e8b465ee728b)  -> (artifact id: '899d5fec4a63bc1fe9db531c5bd9233c') in 0.256664 seconds 
========================================================================
Received Import Request.
  Time since last request: 0.000029 seconds.
  path: Assets/Images/ShopPopup/tent.png
  artifactKey: Guid(38c3b9c10f4c45f4baca2df33da2ee0e) Importer(815301076,1909f56bfc062723c751e8b465ee728b)
Start importing Assets/Images/ShopPopup/tent.png using Guid(38c3b9c10f4c45f4baca2df33da2ee0e) Importer(815301076,1909f56bfc062723c751e8b465ee728b)  -> (artifact id: '685daea129b4f4a2b2978bfc39d08509') in 0.097013 seconds 
========================================================================
Received Import Request.
  Time since last request: 0.246454 seconds.
  path: Assets/Images/TestAndDev/349rdkyd.bmp
  artifactKey: Guid(0c60ed98ddf16b64cb6f73bb642fcee2) Importer(815301076,1909f56bfc062723c751e8b465ee728b)
Start importing Assets/Images/TestAndDev/349rdkyd.bmp using Guid(0c60ed98ddf16b64cb6f73bb642fcee2) Importer(815301076,1909f56bfc062723c751e8b465ee728b)  -> (artifact id: '64f6ea1b0e15eba9b43c57c6549aad21') in 0.329651 seconds 
========================================================================
Received Import Request.
  Time since last request: 0.000028 seconds.
  path: Assets/Images/TestAndDev/health_heart.jpg
  artifactKey: Guid(879a24ff0ae8aed418efa384e975ffb5) Importer(815301076,1909f56bfc062723c751e8b465ee728b)
Start importing Assets/Images/TestAndDev/health_heart.jpg using Guid(879a24ff0ae8aed418efa384e975ffb5) Importer(815301076,1909f56bfc062723c751e8b465ee728b)  -> (artifact id: 'ce5e9a5e11ff73142cdbeac0882360d2') in 0.281039 seconds 
========================================================================
Received Import Request.
  Time since last request: 0.000029 seconds.
  path: Assets/Images/TestAndDev/orange_background_test.jpg
  artifactKey: Guid(027588b7a1a592a46be61e404be5a1d3) Importer(815301076,1909f56bfc062723c751e8b465ee728b)
Start importing Assets/Images/TestAndDev/orange_background_test.jpg using Guid(027588b7a1a592a46be61e404be5a1d3) Importer(815301076,1909f56bfc062723c751e8b465ee728b)  -> (artifact id: '9f8ee93a8f88f6d6643421dd9a8bc38f') in 0.147130 seconds 
========================================================================
Received Import Request.
  Time since last request: 0.000027 seconds.
  path: Assets/Images/TestAndDev/green_background_test1.jpg
  artifactKey: Guid(142d795016e763a4098414fa52915aa7) Importer(815301076,1909f56bfc062723c751e8b465ee728b)
Start importing Assets/Images/TestAndDev/green_background_test1.jpg using Guid(142d795016e763a4098414fa52915aa7) Importer(815301076,1909f56bfc062723c751e8b465ee728b)  -> (artifact id: 'e18f203d0c94c827681d8649f1c3286d') in 0.768687 seconds 
========================================================================
Received Import Request.
  Time since last request: 79.346011 seconds.
  path: Assets/Scenes/SampleScene.unity
  artifactKey: Guid(9fc0d4010bbf28b4594072e72b8655ab) Importer(815301076,1909f56bfc062723c751e8b465ee728b)
Start importing Assets/Scenes/SampleScene.unity using Guid(9fc0d4010bbf28b4594072e72b8655ab) Importer(815301076,1909f56bfc062723c751e8b465ee728b)  -> (artifact id: '9961f771b1de8d4b44c99c86c31aeb85') in 0.004234 seconds 
