Using pre-set license
Built from '2022.1/staging' branch; Version is '2022.1.23f1 (9636b062134a) revision 9844400'; Using compiler version '192829333'; Build Type 'Release'
OS: 'Windows 10  (10.0.19044) 64bit CoreSingleLanguage' Language: 'tr' Physical Memory: 16323 MB
BatchMode: 1, IsHumanControllingUs: 0, StartBugReporterOnCrash: 0, Is64bit: 1, IsPro: 1

COMMAND LINE ARGUMENTS:
C:\Program Files\Unity\Hub\Editor\2022.1.23f1\Editor\Unity.exe
-adb2
-batchMode
-noUpm
-name
AssetImportWorker1
-projectPath
C:/Users/pc/Documents/GitHub/Alaca/Alaca
-logFile
Logs/AssetImportWorker1.log
-srvPort
59134
Successfully changed project path to: C:/Users/pc/Documents/GitHub/Alaca/Alaca
C:/Users/pc/Documents/GitHub/Alaca/Alaca
[UnityMemory] Configuration Parameters - Can be set up in boot.config
    "memorysetup-bucket-allocator-granularity=16"
    "memorysetup-bucket-allocator-bucket-count=8"
    "memorysetup-bucket-allocator-block-size=33554432"
    "memorysetup-bucket-allocator-block-count=8"
    "memorysetup-main-allocator-block-size=16777216"
    "memorysetup-thread-allocator-block-size=16777216"
    "memorysetup-gfx-main-allocator-block-size=16777216"
    "memorysetup-gfx-thread-allocator-block-size=16777216"
    "memorysetup-cache-allocator-block-size=4194304"
    "memorysetup-typetree-allocator-block-size=2097152"
    "memorysetup-profiler-bucket-allocator-granularity=16"
    "memorysetup-profiler-bucket-allocator-bucket-count=8"
    "memorysetup-profiler-bucket-allocator-block-size=33554432"
    "memorysetup-profiler-bucket-allocator-block-count=8"
    "memorysetup-profiler-allocator-block-size=16777216"
    "memorysetup-profiler-editor-allocator-block-size=1048576"
    "memorysetup-temp-allocator-size-main=16777216"
    "memorysetup-job-temp-allocator-block-size=2097152"
    "memorysetup-job-temp-allocator-block-size-background=1048576"
    "memorysetup-job-temp-allocator-reduction-small-platforms=262144"
    "memorysetup-temp-allocator-size-background-worker=32768"
    "memorysetup-temp-allocator-size-job-worker=262144"
    "memorysetup-temp-allocator-size-preload-manager=33554432"
    "memorysetup-temp-allocator-size-nav-mesh-worker=65536"
    "memorysetup-temp-allocator-size-audio-worker=65536"
    "memorysetup-temp-allocator-size-cloud-worker=32768"
    "memorysetup-temp-allocator-size-gi-baking-worker=262144"
    "memorysetup-temp-allocator-size-gfx=262144"
Refreshing native plugins compatible for Editor in 41.53 ms, found 2 plugins.
Preloading 0 native plugins for Editor in 0.00 ms.
Initialize engine version: 2022.1.23f1 (9636b062134a)
[Subsystems] Discovering subsystems at path C:/Program Files/Unity/Hub/Editor/2022.1.23f1/Editor/Data/Resources/UnitySubsystems
[Subsystems] Discovering subsystems at path C:/Users/pc/Documents/GitHub/Alaca/Alaca/Assets
GfxDevice: creating device client; threaded=0; jobified=0
Direct3D:
    Version:  Direct3D 11.0 [level 11.1]
    Renderer: NVIDIA GeForce GTX 1070 (ID=0x1b81)
    Vendor:   NVIDIA
    VRAM:     8088 MB
    Driver:   30.0.15.1215
Initialize mono
Mono path[0] = 'C:/Program Files/Unity/Hub/Editor/2022.1.23f1/Editor/Data/Managed'
Mono path[1] = 'C:/Program Files/Unity/Hub/Editor/2022.1.23f1/Editor/Data/MonoBleedingEdge/lib/mono/unityjit-win32'
Mono config path = 'C:/Program Files/Unity/Hub/Editor/2022.1.23f1/Editor/Data/MonoBleedingEdge/etc'
Using monoOptions --debugger-agent=transport=dt_socket,embedding=1,server=y,suspend=n,address=127.0.0.1:56196
Begin MonoManager ReloadAssembly
Registering precompiled unity dll's ...
Register platform support module: C:/Program Files/Unity/Hub/Editor/2022.1.23f1/Editor/Data/PlaybackEngines/WebGLSupport/UnityEditor.WebGL.Extensions.dll
Register platform support module: C:/Program Files/Unity/Hub/Editor/2022.1.23f1/Editor/Data/PlaybackEngines/AndroidPlayer/UnityEditor.Android.Extensions.dll
Register platform support module: C:/Program Files/Unity/Hub/Editor/2022.1.23f1/Editor/Data/PlaybackEngines/WindowsStandaloneSupport/UnityEditor.WindowsStandalone.Extensions.dll
Registered in 0.159929 seconds.
Native extension for WindowsStandalone target not found
Native extension for Android target not found
Native extension for WebGL target not found
Refreshing native plugins compatible for Editor in 35.98 ms, found 2 plugins.
Preloading 0 native plugins for Editor in 0.00 ms.
Mono: successfully reloaded assembly
- Completed reload, in  3.061 seconds
Domain Reload Profiling:
	ReloadAssembly (3062ms)
		BeginReloadAssembly (2061ms)
			ExecutionOrderSort (0ms)
			DisableScriptedObjects (0ms)
			BackupInstance (0ms)
			ReleaseScriptingObjects (0ms)
			CreateAndSetChildDomain (1ms)
		EndReloadAssembly (657ms)
			LoadAssemblies (2069ms)
			RebuildTransferFunctionScriptingTraits (0ms)
			SetupTypeCache (192ms)
				TypeCache.Initialize (192ms)
					TypeCache.ScanAssembly (190ms)
				ResolveRequiredComponents (1ms)
			ReleaseScriptCaches (0ms)
			RebuildScriptCaches (36ms)
			SetupLoadedEditorAssemblies (342ms)
				LogAssemblyErrors (0ms)
				InitializePlatformSupportModulesInManaged (76ms)
				SetLoadedEditorAssemblies (21ms)
				RefreshPlugins (36ms)
				BeforeProcessingInitializeOnLoad (2ms)
				ProcessInitializeOnLoadAttributes (128ms)
				ProcessInitializeOnLoadMethodAttributes (78ms)
				AfterProcessingInitializeOnLoad (0ms)
				EditorAssembliesLoaded (0ms)
			ExecutionOrderSort2 (0ms)
			AwakeInstancesAfterBackupRestoration (0ms)
Platform modules already initialized, skipping
Registering precompiled user dll's ...
Registered in 0.006595 seconds.
Android Extension - Scanning For ADB Devices 5238 ms
Begin MonoManager ReloadAssembly
Native extension for WindowsStandalone target not found
Native extension for Android target not found
Native extension for WebGL target not found
Refreshing native plugins compatible for Editor in 0.45 ms, found 2 plugins.
Preloading 0 native plugins for Editor in 0.00 ms.
Mono: successfully reloaded assembly
- Completed reload, in  2.394 seconds
Domain Reload Profiling:
	ReloadAssembly (2396ms)
		BeginReloadAssembly (162ms)
			ExecutionOrderSort (0ms)
			DisableScriptedObjects (6ms)
			BackupInstance (0ms)
			ReleaseScriptingObjects (0ms)
			CreateAndSetChildDomain (26ms)
		EndReloadAssembly (1967ms)
			LoadAssemblies (959ms)
			RebuildTransferFunctionScriptingTraits (0ms)
			SetupTypeCache (359ms)
				TypeCache.Initialize (356ms)
					TypeCache.ScanAssembly (351ms)
				ResolveRequiredComponents (3ms)
			ReleaseScriptCaches (1ms)
			RebuildScriptCaches (56ms)
			SetupLoadedEditorAssemblies (513ms)
				LogAssemblyErrors (0ms)
				InitializePlatformSupportModulesInManaged (48ms)
				SetLoadedEditorAssemblies (7ms)
				RefreshPlugins (1ms)
				BeforeProcessingInitializeOnLoad (81ms)
				ProcessInitializeOnLoadAttributes (321ms)
				ProcessInitializeOnLoadMethodAttributes (36ms)
				AfterProcessingInitializeOnLoad (19ms)
				EditorAssembliesLoaded (0ms)
			ExecutionOrderSort2 (0ms)
			AwakeInstancesAfterBackupRestoration (14ms)
Platform modules already initialized, skipping
========================================================================
Worker process is ready to serve import requests
Launched and connected shader compiler UnityShaderCompiler.exe after 0.15 seconds
Refreshing native plugins compatible for Editor in 0.56 ms, found 2 plugins.
Preloading 0 native plugins for Editor in 0.00 ms.
Unloading 1665 Unused Serialized files (Serialized files now loaded: 0)
Unloading 20 unused Assets / (50.0 KB). Loaded Objects now: 2133.
Memory consumption went from 276.7 MB to 276.7 MB.
Total: 5.994100 ms (FindLiveObjects: 0.297600 ms CreateObjectMapping: 0.076900 ms MarkObjects: 5.509800 ms  DeleteObjects: 0.108400 ms)

AssetImportParameters requested are different than current active one (requested -> active):
  custom:video-decoder-ogg-theora: a1e56fd34408186e4bbccfd4996cb3dc -> 
  custom:container-muxer-webm: aa71ff27fc2769a1b78a27578f13a17b -> 
  custom:container-demuxer-webm: 4f35f7cbe854078d1ac9338744f61a02 -> 
  custom:video-encoder-webm-vp8: eb34c28f22e8b96e1ab97ce403110664 -> 
  custom:audio-encoder-webm-vorbis: bf7c407c2cedff20999df2af8eb42d56 -> 
  custom:framework-win-MediaFoundation: 216162199b28c13a410421893ffa2e32 -> 
  custom:container-demuxer-ogg: 62fdf1f143b41e24485cea50d1cbac27 -> 
  custom:video-decoder-webm-vp8: 9c59270c3fd7afecdb556c50c9e8de78 -> 
  custom:audio-decoder-ogg-vorbis: bf7c407c2cedff20999df2af8eb42d56 -> 
========================================================================
Received Import Request.
  Time since last request: 4541.559252 seconds.
  path: Assets
  artifactKey: Guid(00000000000000001000000000000000) Importer(815301076,1909f56bfc062723c751e8b465ee728b)
Start importing Assets using Guid(00000000000000001000000000000000) Importer(815301076,1909f56bfc062723c751e8b465ee728b)  -> (artifact id: '643dbe22ecb75e7bba7c4df53f6b1cbf') in 0.005824 seconds 
========================================================================
Received Import Request.
  Time since last request: 0.000023 seconds.
  path: Assets/Images
  artifactKey: Guid(0611c876248f4cc4ab1ed099797f609c) Importer(815301076,1909f56bfc062723c751e8b465ee728b)
Start importing Assets/Images using Guid(0611c876248f4cc4ab1ed099797f609c) Importer(815301076,1909f56bfc062723c751e8b465ee728b)  -> (artifact id: '124af4e4ec19780ae653114bef6665b8') in 0.004024 seconds 
========================================================================
Received Import Request.
  Time since last request: 79.205269 seconds.
  path: Assets/Images/Achievements/achievement_one.png
  artifactKey: Guid(9e83f4837d743a64e96409e948ec3a26) Importer(815301076,1909f56bfc062723c751e8b465ee728b)
Start importing Assets/Images/Achievements/achievement_one.png using Guid(9e83f4837d743a64e96409e948ec3a26) Importer(815301076,1909f56bfc062723c751e8b465ee728b)  -> (artifact id: '1ac42ca6d9c202688b138bafc095ccc9') in 0.143300 seconds 
========================================================================
Received Import Request.
  Time since last request: 0.000037 seconds.
  path: Assets/Images/Achievements/slider_square.png
  artifactKey: Guid(3a82328604c345640b8fdc30970fa516) Importer(815301076,1909f56bfc062723c751e8b465ee728b)
Start importing Assets/Images/Achievements/slider_square.png using Guid(3a82328604c345640b8fdc30970fa516) Importer(815301076,1909f56bfc062723c751e8b465ee728b)  -> (artifact id: 'fb473772394344cd6f05242600307932') in 0.025656 seconds 
========================================================================
Received Import Request.
  Time since last request: 0.000052 seconds.
  path: Assets/Images/Achievements/rectangle.png
  artifactKey: Guid(8390689b465842847b78d81d42523081) Importer(815301076,1909f56bfc062723c751e8b465ee728b)
Start importing Assets/Images/Achievements/rectangle.png using Guid(8390689b465842847b78d81d42523081) Importer(815301076,1909f56bfc062723c751e8b465ee728b)  -> (artifact id: 'f04148c41d725851a2afbe3b017885e2') in 0.100125 seconds 
========================================================================
Received Import Request.
  Time since last request: 0.000035 seconds.
  path: Assets/Images/Achievements/achievement_three.png
  artifactKey: Guid(fd5b3ddcedda2d643963395a4817d78f) Importer(815301076,1909f56bfc062723c751e8b465ee728b)
Start importing Assets/Images/Achievements/achievement_three.png using Guid(fd5b3ddcedda2d643963395a4817d78f) Importer(815301076,1909f56bfc062723c751e8b465ee728b)  -> (artifact id: '93e5096337ce0c13e983f5f89299c800') in 0.019674 seconds 
========================================================================
Received Import Request.
  Time since last request: 0.000038 seconds.
  path: Assets/Images/Achievements/achievement_two.png
  artifactKey: Guid(4f5c60ada3d5b834cbcbebd13ad40a36) Importer(815301076,1909f56bfc062723c751e8b465ee728b)
Start importing Assets/Images/Achievements/achievement_two.png using Guid(4f5c60ada3d5b834cbcbebd13ad40a36) Importer(815301076,1909f56bfc062723c751e8b465ee728b)  -> (artifact id: 'c928236d6a15ab0892482e10d060f5c6') in 0.018412 seconds 
========================================================================
Received Import Request.
  Time since last request: 0.000030 seconds.
  path: Assets/Images/Achievements/achievement_ref.png
  artifactKey: Guid(c236e851c2904d341b8cc3ae11ae250b) Importer(815301076,1909f56bfc062723c751e8b465ee728b)
Start importing Assets/Images/Achievements/achievement_ref.png using Guid(c236e851c2904d341b8cc3ae11ae250b) Importer(815301076,1909f56bfc062723c751e8b465ee728b)  -> (artifact id: 'd57101bc190c052605c2181701508889') in 0.296442 seconds 
========================================================================
Received Prepare
Registering precompiled user dll's ...
Registered in 0.006016 seconds.
Begin MonoManager ReloadAssembly
Native extension for WindowsStandalone target not found
Native extension for Android target not found
Native extension for WebGL target not found
Refreshing native plugins compatible for Editor in 0.35 ms, found 2 plugins.
Preloading 0 native plugins for Editor in 0.00 ms.
Mono: successfully reloaded assembly
- Completed reload, in  1.179 seconds
Domain Reload Profiling:
	ReloadAssembly (1180ms)
		BeginReloadAssembly (166ms)
			ExecutionOrderSort (0ms)
			DisableScriptedObjects (5ms)
			BackupInstance (0ms)
			ReleaseScriptingObjects (0ms)
			CreateAndSetChildDomain (38ms)
		EndReloadAssembly (876ms)
			LoadAssemblies (121ms)
			RebuildTransferFunctionScriptingTraits (0ms)
			SetupTypeCache (291ms)
				TypeCache.Initialize (288ms)
					TypeCache.ScanAssembly (281ms)
				ResolveRequiredComponents (4ms)
			ReleaseScriptCaches (1ms)
			RebuildScriptCaches (59ms)
			SetupLoadedEditorAssemblies (352ms)
				LogAssemblyErrors (0ms)
				InitializePlatformSupportModulesInManaged (28ms)
				SetLoadedEditorAssemblies (6ms)
				RefreshPlugins (0ms)
				BeforeProcessingInitializeOnLoad (70ms)
				ProcessInitializeOnLoadAttributes (204ms)
				ProcessInitializeOnLoadMethodAttributes (25ms)
				AfterProcessingInitializeOnLoad (17ms)
				EditorAssembliesLoaded (0ms)
			ExecutionOrderSort2 (0ms)
			AwakeInstancesAfterBackupRestoration (12ms)
Platform modules already initialized, skipping
Refreshing native plugins compatible for Editor in 1.82 ms, found 2 plugins.
Preloading 0 native plugins for Editor in 0.00 ms.
Unloading 1707 Unused Serialized files (Serialized files now loaded: 0)
Unloading 26 unused Assets / (0.7 MB). Loaded Objects now: 2186.
Memory consumption went from 288.7 MB to 287.9 MB.
Total: 3.211400 ms (FindLiveObjects: 0.148500 ms CreateObjectMapping: 0.115700 ms MarkObjects: 2.597800 ms  DeleteObjects: 0.348100 ms)

AssetImportParameters requested are different than current active one (requested -> active):
  custom:video-decoder-ogg-theora: a1e56fd34408186e4bbccfd4996cb3dc -> 
  custom:container-muxer-webm: aa71ff27fc2769a1b78a27578f13a17b -> 
  custom:container-demuxer-webm: 4f35f7cbe854078d1ac9338744f61a02 -> 
  custom:video-encoder-webm-vp8: eb34c28f22e8b96e1ab97ce403110664 -> 
  custom:audio-encoder-webm-vorbis: bf7c407c2cedff20999df2af8eb42d56 -> 
  custom:framework-win-MediaFoundation: 216162199b28c13a410421893ffa2e32 -> 
  custom:container-demuxer-ogg: 62fdf1f143b41e24485cea50d1cbac27 -> 
  custom:video-decoder-webm-vp8: 9c59270c3fd7afecdb556c50c9e8de78 -> 
  custom:audio-decoder-ogg-vorbis: bf7c407c2cedff20999df2af8eb42d56 -> 
========================================================================
Received Import Request.
  Time since last request: 2265.337648 seconds.
  path: Assets/Images/background/o1phdpw4.bmp
  artifactKey: Guid(8e6d186bf8edb9841871a16751a894a9) Importer(815301076,1909f56bfc062723c751e8b465ee728b)
Start importing Assets/Images/background/o1phdpw4.bmp using Guid(8e6d186bf8edb9841871a16751a894a9) Importer(815301076,1909f56bfc062723c751e8b465ee728b)  -> (artifact id: '84c2c519a8dce3502f48e26a41e286a7') in 0.424793 seconds 
========================================================================
Received Import Request.
  Time since last request: 0.000027 seconds.
  path: Assets/Images/background/puxin1x1.bmp
  artifactKey: Guid(496209259d52c4641983daa352e7689b) Importer(815301076,1909f56bfc062723c751e8b465ee728b)
Start importing Assets/Images/background/puxin1x1.bmp using Guid(496209259d52c4641983daa352e7689b) Importer(815301076,1909f56bfc062723c751e8b465ee728b)  -> (artifact id: '464c527701ce395b852e823efea8e235') in 0.208762 seconds 
========================================================================
Received Import Request.
  Time since last request: 0.091830 seconds.
  path: Assets/Images/Buttons/cog_sign.png
  artifactKey: Guid(16fe0ecce39fe4a4c9cbb638b2a65b1c) Importer(815301076,1909f56bfc062723c751e8b465ee728b)
Start importing Assets/Images/Buttons/cog_sign.png using Guid(16fe0ecce39fe4a4c9cbb638b2a65b1c) Importer(815301076,1909f56bfc062723c751e8b465ee728b)  -> (artifact id: '9645da1cdd1afe1858d53a66000cc1dd') in 0.044347 seconds 
========================================================================
Received Import Request.
  Time since last request: 0.000024 seconds.
  path: Assets/Images/Buttons/commercial_sign.png
  artifactKey: Guid(b848ca660e5cd8c449b48fe301574498) Importer(815301076,1909f56bfc062723c751e8b465ee728b)
Start importing Assets/Images/Buttons/commercial_sign.png using Guid(b848ca660e5cd8c449b48fe301574498) Importer(815301076,1909f56bfc062723c751e8b465ee728b)  -> (artifact id: 'd07a45879ad5873661dddb3199df9dc5') in 0.101278 seconds 
========================================================================
Received Import Request.
  Time since last request: 0.000022 seconds.
  path: Assets/Images/Buttons/main_menu_button.png
  artifactKey: Guid(9f22f111bc85b334aa2a90ce664ff208) Importer(815301076,1909f56bfc062723c751e8b465ee728b)
Start importing Assets/Images/Buttons/main_menu_button.png using Guid(9f22f111bc85b334aa2a90ce664ff208) Importer(815301076,1909f56bfc062723c751e8b465ee728b)  -> (artifact id: 'fc18140aa97ba015ba58935e6afcd08b') in 0.056768 seconds 
========================================================================
Received Import Request.
  Time since last request: 0.000025 seconds.
  path: Assets/Images/Buttons/rectangle.png
  artifactKey: Guid(c4095d6f15717264a9e16de0e7f9924e) Importer(815301076,1909f56bfc062723c751e8b465ee728b)
Start importing Assets/Images/Buttons/rectangle.png using Guid(c4095d6f15717264a9e16de0e7f9924e) Importer(815301076,1909f56bfc062723c751e8b465ee728b)  -> (artifact id: '7f2f736b539bafe0a92ad69a8aed4040') in 0.108977 seconds 
========================================================================
Received Import Request.
  Time since last request: 0.000024 seconds.
  path: Assets/Images/Buttons/wood_button.png
  artifactKey: Guid(1274ee96a546e7d429a52276bb0e0bef) Importer(815301076,1909f56bfc062723c751e8b465ee728b)
Start importing Assets/Images/Buttons/wood_button.png using Guid(1274ee96a546e7d429a52276bb0e0bef) Importer(815301076,1909f56bfc062723c751e8b465ee728b)  -> (artifact id: '26873c927bb5c79edfb87eab1f2800c8') in 0.069589 seconds 
========================================================================
Received Import Request.
  Time since last request: 0.000024 seconds.
  path: Assets/Images/Buttons/x_sign.png
  artifactKey: Guid(e94ff22e76b7891438b6f6baff9e149c) Importer(815301076,1909f56bfc062723c751e8b465ee728b)
Start importing Assets/Images/Buttons/x_sign.png using Guid(e94ff22e76b7891438b6f6baff9e149c) Importer(815301076,1909f56bfc062723c751e8b465ee728b)  -> (artifact id: '313b11ef28527351c1aba910780be4d9') in 0.066973 seconds 
========================================================================
Received Import Request.
  Time since last request: 0.000036 seconds.
  path: Assets/Images/Buttons/supernarket.png
  artifactKey: Guid(cb50a132d0ebd0e439da0b15c223c2ec) Importer(815301076,1909f56bfc062723c751e8b465ee728b)
Start importing Assets/Images/Buttons/supernarket.png using Guid(cb50a132d0ebd0e439da0b15c223c2ec) Importer(815301076,1909f56bfc062723c751e8b465ee728b)  -> (artifact id: '4b740b54acb56468a087796ce4f72611') in 0.071800 seconds 
========================================================================
Received Import Request.
  Time since last request: 0.000027 seconds.
  path: Assets/Images/Buttons/trophy_fix.png
  artifactKey: Guid(7a733c9275c1e2e4baf343eb0e904816) Importer(815301076,1909f56bfc062723c751e8b465ee728b)
Start importing Assets/Images/Buttons/trophy_fix.png using Guid(7a733c9275c1e2e4baf343eb0e904816) Importer(815301076,1909f56bfc062723c751e8b465ee728b)  -> (artifact id: 'e2a1fc8223c2d2595aac08add3bcffa5') in 0.035394 seconds 
========================================================================
Received Import Request.
  Time since last request: 0.000019 seconds.
  path: Assets/Images/Buttons/play_button.png
  artifactKey: Guid(4065973fb3cfeb84dbe35b1837881de9) Importer(815301076,1909f56bfc062723c751e8b465ee728b)
Start importing Assets/Images/Buttons/play_button.png using Guid(4065973fb3cfeb84dbe35b1837881de9) Importer(815301076,1909f56bfc062723c751e8b465ee728b)  -> (artifact id: 'bb577ffa12a4df077178e85feffa9d14') in 0.048127 seconds 
========================================================================
Received Import Request.
  Time since last request: 0.000034 seconds.
  path: Assets/Images/Buttons/retry_button.png
  artifactKey: Guid(2783f81e222c0624194fbeeb34ff5b3f) Importer(815301076,1909f56bfc062723c751e8b465ee728b)
Start importing Assets/Images/Buttons/retry_button.png using Guid(2783f81e222c0624194fbeeb34ff5b3f) Importer(815301076,1909f56bfc062723c751e8b465ee728b)  -> (artifact id: 'ce66508b3755dda5e5cfcb3eac75196f') in 0.067246 seconds 
========================================================================
Received Import Request.
  Time since last request: 0.000020 seconds.
  path: Assets/Images/Buttons/playb.psd
  artifactKey: Guid(6ffa9d08af56c4849b3a07acc9d5dd0d) Importer(815301076,1909f56bfc062723c751e8b465ee728b)
Start importing Assets/Images/Buttons/playb.psd using Guid(6ffa9d08af56c4849b3a07acc9d5dd0d) Importer(815301076,1909f56bfc062723c751e8b465ee728b)  -> (artifact id: '73d26c1c455687a0e4be66b8e60cc277') in 0.120112 seconds 
========================================================================
Received Import Request.
  Time since last request: 1.484691 seconds.
  path: Assets/Images/ButtonsTest/dBNews_2019-08-21_Gloryhammer-820x619.jpg
  artifactKey: Guid(4cbbb1f600922d245aee34a0ee4bb1f0) Importer(815301076,1909f56bfc062723c751e8b465ee728b)
Start importing Assets/Images/ButtonsTest/dBNews_2019-08-21_Gloryhammer-820x619.jpg using Guid(4cbbb1f600922d245aee34a0ee4bb1f0) Importer(815301076,1909f56bfc062723c751e8b465ee728b)  -> (artifact id: '47fdf58ec9343eb2d200f65f2be86749') in 0.252146 seconds 
========================================================================
Received Import Request.
  Time since last request: 0.000024 seconds.
  path: Assets/Images/ButtonsTest/ojetzavr.bmp
  artifactKey: Guid(70b76bbd3e4fb9c4895b2e014d5a8d7b) Importer(815301076,1909f56bfc062723c751e8b465ee728b)
Start importing Assets/Images/ButtonsTest/ojetzavr.bmp using Guid(70b76bbd3e4fb9c4895b2e014d5a8d7b) Importer(815301076,1909f56bfc062723c751e8b465ee728b)  -> (artifact id: 'e1b53220fc171ffe22aa52e6170c2bed') in 0.028033 seconds 
========================================================================
Received Import Request.
  Time since last request: 0.000041 seconds.
  path: Assets/Images/ButtonsTest/o6v6syn5.bmp
  artifactKey: Guid(7fd8ef320abd74d4dbb641d38935d878) Importer(815301076,1909f56bfc062723c751e8b465ee728b)
Start importing Assets/Images/ButtonsTest/o6v6syn5.bmp using Guid(7fd8ef320abd74d4dbb641d38935d878) Importer(815301076,1909f56bfc062723c751e8b465ee728b)  -> (artifact id: 'de86e691d8a8de45bcfd0c4309f8e1b5') in 0.024203 seconds 
========================================================================
Received Import Request.
  Time since last request: 0.000021 seconds.
  path: Assets/Images/ButtonsTest/ey5ftz2m.bmp
  artifactKey: Guid(f92edd4e74b9dff4882224d1b4a1f6d3) Importer(815301076,1909f56bfc062723c751e8b465ee728b)
Start importing Assets/Images/ButtonsTest/ey5ftz2m.bmp using Guid(f92edd4e74b9dff4882224d1b4a1f6d3) Importer(815301076,1909f56bfc062723c751e8b465ee728b)  -> (artifact id: '66ad81f9e82e5a132c49775eb7a46365') in 0.094902 seconds 
========================================================================
Received Import Request.
  Time since last request: 1.076559 seconds.
  path: Assets/Images/Coins/coins_sign.png
  artifactKey: Guid(b14a6c0fb645c6d4f950d30e0b5ce582) Importer(815301076,1909f56bfc062723c751e8b465ee728b)
Start importing Assets/Images/Coins/coins_sign.png using Guid(b14a6c0fb645c6d4f950d30e0b5ce582) Importer(815301076,1909f56bfc062723c751e8b465ee728b)  -> (artifact id: 'a13aca888a7d3be30432e3ae22856348') in 0.029187 seconds 
========================================================================
Received Import Request.
  Time since last request: 0.000023 seconds.
  path: Assets/Images/Coins/pizza_coin.png
  artifactKey: Guid(53eba06441f840b4abfcffcd46cc0ccd) Importer(815301076,1909f56bfc062723c751e8b465ee728b)
Start importing Assets/Images/Coins/pizza_coin.png using Guid(53eba06441f840b4abfcffcd46cc0ccd) Importer(815301076,1909f56bfc062723c751e8b465ee728b)  -> (artifact id: '2c959f0609cad3f6b61a8dd177578557') in 0.017992 seconds 
========================================================================
Received Import Request.
  Time since last request: 6.571515 seconds.
  path: Assets/Images/GameMenu/clock_rectangle.png
  artifactKey: Guid(b8c4b76ac2a26ee4b84cd6c2d5eed466) Importer(815301076,1909f56bfc062723c751e8b465ee728b)
Start importing Assets/Images/GameMenu/clock_rectangle.png using Guid(b8c4b76ac2a26ee4b84cd6c2d5eed466) Importer(815301076,1909f56bfc062723c751e8b465ee728b)  -> (artifact id: '974c81efcce52a6c4f3baf8cc5c11699') in 0.032952 seconds 
========================================================================
Received Import Request.
  Time since last request: 0.000016 seconds.
  path: Assets/Images/GameMenu/magic_wan.png
  artifactKey: Guid(0b2845fba8e404742915d529ca567d98) Importer(815301076,1909f56bfc062723c751e8b465ee728b)
Start importing Assets/Images/GameMenu/magic_wan.png using Guid(0b2845fba8e404742915d529ca567d98) Importer(815301076,1909f56bfc062723c751e8b465ee728b)  -> (artifact id: '78e66800dfef085ae9986948f1d544ea') in 0.048458 seconds 
========================================================================
Received Import Request.
  Time since last request: 0.000020 seconds.
  path: Assets/Images/GameMenu/magnifying_glass_sign.png
  artifactKey: Guid(d443ec287919ab447babe61e3a0c49c0) Importer(815301076,1909f56bfc062723c751e8b465ee728b)
Start importing Assets/Images/GameMenu/magnifying_glass_sign.png using Guid(d443ec287919ab447babe61e3a0c49c0) Importer(815301076,1909f56bfc062723c751e8b465ee728b)  -> (artifact id: 'b085c0ba2740b367c8015ecfab3b2758') in 0.012599 seconds 
========================================================================
Received Import Request.
  Time since last request: 0.000018 seconds.
  path: Assets/Images/GameMenu/menu_screen.png
  artifactKey: Guid(f5ecc392f11cf984192310f4444f2a76) Importer(815301076,1909f56bfc062723c751e8b465ee728b)
Start importing Assets/Images/GameMenu/menu_screen.png using Guid(f5ecc392f11cf984192310f4444f2a76) Importer(815301076,1909f56bfc062723c751e8b465ee728b)  -> (artifact id: '34ba70545f35bebedf3aba55b5c53425') in 0.360297 seconds 
========================================================================
Received Import Request.
  Time since last request: 0.000032 seconds.
  path: Assets/Images/GameMenu/outline 1.png
  artifactKey: Guid(6b8d91333e231fa49b5c5568dd595e25) Importer(815301076,1909f56bfc062723c751e8b465ee728b)
Start importing Assets/Images/GameMenu/outline 1.png using Guid(6b8d91333e231fa49b5c5568dd595e25) Importer(815301076,1909f56bfc062723c751e8b465ee728b)  -> (artifact id: 'e6c3c54a4b213833b3fb3041ba421d1e') in 0.263037 seconds 
========================================================================
Received Import Request.
  Time since last request: 0.000026 seconds.
  path: Assets/Images/GameMenu/outline 2.png
  artifactKey: Guid(ed2ec2f7e6407324a8f0002eb4310978) Importer(815301076,1909f56bfc062723c751e8b465ee728b)
Start importing Assets/Images/GameMenu/outline 2.png using Guid(ed2ec2f7e6407324a8f0002eb4310978) Importer(815301076,1909f56bfc062723c751e8b465ee728b)  -> (artifact id: '43506c94069f2dc3418164085da22354') in 0.284359 seconds 
========================================================================
Received Import Request.
  Time since last request: 0.000021 seconds.
  path: Assets/Images/GameMenu/pause_button.png
  artifactKey: Guid(f293b69a3055e604998a66f85a338bc4) Importer(815301076,1909f56bfc062723c751e8b465ee728b)
Start importing Assets/Images/GameMenu/pause_button.png using Guid(f293b69a3055e604998a66f85a338bc4) Importer(815301076,1909f56bfc062723c751e8b465ee728b)  -> (artifact id: 'a024d18fd2ae2b538ec080b2f39b2a68') in 0.020831 seconds 
========================================================================
Received Import Request.
  Time since last request: 0.000026 seconds.
  path: Assets/Images/GameMenu/play_button.png
  artifactKey: Guid(875767debd9fd0140b0057289d5f7539) Importer(815301076,1909f56bfc062723c751e8b465ee728b)
Start importing Assets/Images/GameMenu/play_button.png using Guid(875767debd9fd0140b0057289d5f7539) Importer(815301076,1909f56bfc062723c751e8b465ee728b)  -> (artifact id: 'dcf84a2f04e6151c7f778fb244ea6d60') in 0.016077 seconds 
========================================================================
Received Import Request.
  Time since last request: 0.000017 seconds.
  path: Assets/Images/GameMenu/screen_rectangle.png
  artifactKey: Guid(dca8c541170cc3747b0be0d60d01cfe2) Importer(815301076,1909f56bfc062723c751e8b465ee728b)
Start importing Assets/Images/GameMenu/screen_rectangle.png using Guid(dca8c541170cc3747b0be0d60d01cfe2) Importer(815301076,1909f56bfc062723c751e8b465ee728b)  -> (artifact id: 'e3fca93e21369c242c5d4ba78d90a603') in 0.073821 seconds 
========================================================================
Received Import Request.
  Time since last request: 0.000019 seconds.
  path: Assets/Images/GameMenu/clock_sign.png
  artifactKey: Guid(c883dd6d31e0f874cab76f5262586a7c) Importer(815301076,1909f56bfc062723c751e8b465ee728b)
Start importing Assets/Images/GameMenu/clock_sign.png using Guid(c883dd6d31e0f874cab76f5262586a7c) Importer(815301076,1909f56bfc062723c751e8b465ee728b)  -> (artifact id: '1014d28959e00e63192c96868e30f618') in 0.019132 seconds 
========================================================================
Received Import Request.
  Time since last request: 0.000027 seconds.
  path: Assets/Images/GameMenu/outline.png
  artifactKey: Guid(a6ee863b52d6145468dae281687ee339) Importer(815301076,1909f56bfc062723c751e8b465ee728b)
Start importing Assets/Images/GameMenu/outline.png using Guid(a6ee863b52d6145468dae281687ee339) Importer(815301076,1909f56bfc062723c751e8b465ee728b)  -> (artifact id: '908477979dc1a8e7e5f107b512a96b81') in 0.226801 seconds 
========================================================================
Received Import Request.
  Time since last request: 0.999771 seconds.
  path: Assets/Images/LevelSelect/level_wood_panel.png
  artifactKey: Guid(9de08dafb331a124f9a4d0fdca64b2a1) Importer(815301076,1909f56bfc062723c751e8b465ee728b)
Start importing Assets/Images/LevelSelect/level_wood_panel.png using Guid(9de08dafb331a124f9a4d0fdca64b2a1) Importer(815301076,1909f56bfc062723c751e8b465ee728b)  -> (artifact id: 'd2433f54d747278dc3d613720b6bdf9e') in 0.410764 seconds 
========================================================================
Received Import Request.
  Time since last request: 0.000028 seconds.
  path: Assets/Images/LevelSelect/three_star.png
  artifactKey: Guid(7f7863d3239fd1e4eae1fe01400cb745) Importer(815301076,1909f56bfc062723c751e8b465ee728b)
Start importing Assets/Images/LevelSelect/three_star.png using Guid(7f7863d3239fd1e4eae1fe01400cb745) Importer(815301076,1909f56bfc062723c751e8b465ee728b)  -> (artifact id: 'c00ae49e3fe38b900bc20ac7694ea5fe') in 0.040071 seconds 
========================================================================
Received Import Request.
  Time since last request: 0.000045 seconds.
  path: Assets/Images/LevelSelect/small_star.png
  artifactKey: Guid(c2f559f03546ea04ab4dc892bd712a7e) Importer(815301076,1909f56bfc062723c751e8b465ee728b)
Start importing Assets/Images/LevelSelect/small_star.png using Guid(c2f559f03546ea04ab4dc892bd712a7e) Importer(815301076,1909f56bfc062723c751e8b465ee728b)  -> (artifact id: 'e9679d0e45799f21cfd17661a9b941fe') in 0.022782 seconds 
========================================================================
Received Import Request.
  Time since last request: 0.000017 seconds.
  path: Assets/Images/LevelSelect/locked_level.png
  artifactKey: Guid(a2eb3c5d754080d4c807431ccb8875b1) Importer(815301076,1909f56bfc062723c751e8b465ee728b)
Start importing Assets/Images/LevelSelect/locked_level.png using Guid(a2eb3c5d754080d4c807431ccb8875b1) Importer(815301076,1909f56bfc062723c751e8b465ee728b)  -> (artifact id: 'ba7fe9941ca58d65f9c4c1a1ce8d33a0') in 0.044729 seconds 
========================================================================
Received Import Request.
  Time since last request: 0.325121 seconds.
  path: Assets/Images/MainMenu/chain.png
  artifactKey: Guid(09e8ff5b6779be94194949579717610a) Importer(815301076,1909f56bfc062723c751e8b465ee728b)
Start importing Assets/Images/MainMenu/chain.png using Guid(09e8ff5b6779be94194949579717610a) Importer(815301076,1909f56bfc062723c751e8b465ee728b)  -> (artifact id: 'b24a0f5a76e69bd5c8092dd264a9d38d') in 0.033398 seconds 
========================================================================
Received Import Request.
  Time since last request: 0.000023 seconds.
  path: Assets/Images/MainMenu/chain_with_wood.png
  artifactKey: Guid(cd63477e63ed24d49b1e6f8c29342a0e) Importer(815301076,1909f56bfc062723c751e8b465ee728b)
Start importing Assets/Images/MainMenu/chain_with_wood.png using Guid(cd63477e63ed24d49b1e6f8c29342a0e) Importer(815301076,1909f56bfc062723c751e8b465ee728b)  -> (artifact id: '4a333979c2f453e1953a178c1a5f8978') in 0.159549 seconds 
========================================================================
Received Import Request.
  Time since last request: 0.000033 seconds.
  path: Assets/Images/MainMenu/shop.png
  artifactKey: Guid(54687c3c52fa49c4ba0f922097dbf955) Importer(815301076,1909f56bfc062723c751e8b465ee728b)
Start importing Assets/Images/MainMenu/shop.png using Guid(54687c3c52fa49c4ba0f922097dbf955) Importer(815301076,1909f56bfc062723c751e8b465ee728b)  -> (artifact id: 'd5917f0568712f915da3db49d385b5fa') in 0.081442 seconds 
========================================================================
Received Import Request.
  Time since last request: 0.000031 seconds.
  path: Assets/Images/MainMenu/logo.png
  artifactKey: Guid(e2acac02f5aae1f4eadd57b280128016) Importer(815301076,1909f56bfc062723c751e8b465ee728b)
Start importing Assets/Images/MainMenu/logo.png using Guid(e2acac02f5aae1f4eadd57b280128016) Importer(815301076,1909f56bfc062723c751e8b465ee728b)  -> (artifact id: 'ebe5306940ecf612580e58e3c686a59a') in 0.177904 seconds 
========================================================================
Received Import Request.
  Time since last request: 0.155757 seconds.
  path: Assets/Images/PopupElements/empty_large_star.png
  artifactKey: Guid(aa4356adc3c93554089bd3571667ddce) Importer(815301076,1909f56bfc062723c751e8b465ee728b)
Start importing Assets/Images/PopupElements/empty_large_star.png using Guid(aa4356adc3c93554089bd3571667ddce) Importer(815301076,1909f56bfc062723c751e8b465ee728b)  -> (artifact id: '41cbe4587691d2ff7043bfaddb46f205') in 0.069348 seconds 
========================================================================
Received Import Request.
  Time since last request: 0.000023 seconds.
  path: Assets/Images/PopupElements/play_button.png
  artifactKey: Guid(6f44c1eebcca9fb44aa0a0265fac76da) Importer(815301076,1909f56bfc062723c751e8b465ee728b)
Start importing Assets/Images/PopupElements/play_button.png using Guid(6f44c1eebcca9fb44aa0a0265fac76da) Importer(815301076,1909f56bfc062723c751e8b465ee728b)  -> (artifact id: '3c01bb7587bba9087f85d064981ffad7') in 0.014540 seconds 
========================================================================
Received Import Request.
  Time since last request: 0.000027 seconds.
  path: Assets/Images/PopupElements/play_button 1.png
  artifactKey: Guid(5c1c3deb7597d1d408705a4c7b4192f1) Importer(815301076,1909f56bfc062723c751e8b465ee728b)
Start importing Assets/Images/PopupElements/play_button 1.png using Guid(5c1c3deb7597d1d408705a4c7b4192f1) Importer(815301076,1909f56bfc062723c751e8b465ee728b)  -> (artifact id: 'ff6ffb07dace88cd4e0d81bee731e216') in 0.023721 seconds 
========================================================================
Received Import Request.
  Time since last request: 0.000019 seconds.
  path: Assets/Images/PopupElements/large_star.png
  artifactKey: Guid(cfcdcf80b2a56f348bf30883e222d622) Importer(815301076,1909f56bfc062723c751e8b465ee728b)
Start importing Assets/Images/PopupElements/large_star.png using Guid(cfcdcf80b2a56f348bf30883e222d622) Importer(815301076,1909f56bfc062723c751e8b465ee728b)  -> (artifact id: '1e9389371dfc2b729b8cca57616fe8cf') in 0.086255 seconds 
========================================================================
Received Import Request.
  Time since last request: 0.000020 seconds.
  path: Assets/Images/PopupElements/slider_stick.png
  artifactKey: Guid(3ecb37b4f9932494ab8a708460ec1409) Importer(815301076,1909f56bfc062723c751e8b465ee728b)
Start importing Assets/Images/PopupElements/slider_stick.png using Guid(3ecb37b4f9932494ab8a708460ec1409) Importer(815301076,1909f56bfc062723c751e8b465ee728b)  -> (artifact id: 'ff0a87783a78f27358381ef2f044df0f') in 0.255446 seconds 
========================================================================
Received Import Request.
  Time since last request: 0.000021 seconds.
  path: Assets/Images/PopupElements/slider_square.png
  artifactKey: Guid(3d162b022db3d6647849387c22c6b2ce) Importer(815301076,1909f56bfc062723c751e8b465ee728b)
Start importing Assets/Images/PopupElements/slider_square.png using Guid(3d162b022db3d6647849387c22c6b2ce) Importer(815301076,1909f56bfc062723c751e8b465ee728b)  -> (artifact id: 'b99804e7db94ca217a8e0ac035aad3c8') in 0.010958 seconds 
========================================================================
Received Import Request.
  Time since last request: 0.000024 seconds.
  path: Assets/Images/PopupElements/ribbon.png
  artifactKey: Guid(b0a50e6c7e098f645b63edea313d1db5) Importer(815301076,1909f56bfc062723c751e8b465ee728b)
Start importing Assets/Images/PopupElements/ribbon.png using Guid(b0a50e6c7e098f645b63edea313d1db5) Importer(815301076,1909f56bfc062723c751e8b465ee728b)  -> (artifact id: '04a6c1a09639fa81d20b7349be8b0e89') in 0.131865 seconds 
========================================================================
Received Import Request.
  Time since last request: 0.000018 seconds.
  path: Assets/Images/PopupElements/wood_panel 1.png
  artifactKey: Guid(e41a302a219d07445b6ff6f524aeae8f) Importer(815301076,1909f56bfc062723c751e8b465ee728b)
Start importing Assets/Images/PopupElements/wood_panel 1.png using Guid(e41a302a219d07445b6ff6f524aeae8f) Importer(815301076,1909f56bfc062723c751e8b465ee728b)  -> (artifact id: 'c26ecc2c9c1c42bf6336d9ba8b0cab4f') in 0.340159 seconds 
========================================================================
Received Import Request.
  Time since last request: 0.000020 seconds.
  path: Assets/Images/PopupElements/wood_panel 2.png
  artifactKey: Guid(3a19a58af7e448d47a26888ac0e3cb51) Importer(815301076,1909f56bfc062723c751e8b465ee728b)
Start importing Assets/Images/PopupElements/wood_panel 2.png using Guid(3a19a58af7e448d47a26888ac0e3cb51) Importer(815301076,1909f56bfc062723c751e8b465ee728b)  -> (artifact id: '0841a1af26de375a361823792f0f16da') in 0.723870 seconds 
========================================================================
Received Import Request.
  Time since last request: 0.000039 seconds.
  path: Assets/Images/PopupElements/wood.png
  artifactKey: Guid(2812afe24381fb9408481a632ba17ff4) Importer(815301076,1909f56bfc062723c751e8b465ee728b)
Start importing Assets/Images/PopupElements/wood.png using Guid(2812afe24381fb9408481a632ba17ff4) Importer(815301076,1909f56bfc062723c751e8b465ee728b)  -> (artifact id: '6f08f858aff3535a39a006d331b3b193') in 0.094525 seconds 
========================================================================
Received Import Request.
  Time since last request: 0.000023 seconds.
  path: Assets/Images/PopupElements/main_menu_sign.png
  artifactKey: Guid(0b8f2886b0128b54d911eea91a1e5f4e) Importer(815301076,1909f56bfc062723c751e8b465ee728b)
Start importing Assets/Images/PopupElements/main_menu_sign.png using Guid(0b8f2886b0128b54d911eea91a1e5f4e) Importer(815301076,1909f56bfc062723c751e8b465ee728b)  -> (artifact id: '4d04429411b1693c1eeaa603e7571d48') in 0.026044 seconds 
========================================================================
Received Import Request.
  Time since last request: 0.000029 seconds.
  path: Assets/Images/PopupElements/retry_button.png
  artifactKey: Guid(c92e6032837564a498c12a070cfacf65) Importer(815301076,1909f56bfc062723c751e8b465ee728b)
Start importing Assets/Images/PopupElements/retry_button.png using Guid(c92e6032837564a498c12a070cfacf65) Importer(815301076,1909f56bfc062723c751e8b465ee728b)  -> (artifact id: 'e6108228095ee45e4cf26f7871a89efa') in 0.037462 seconds 
========================================================================
Received Import Request.
  Time since last request: 0.000029 seconds.
  path: Assets/Images/PopupElements/square.png
  artifactKey: Guid(54ee763a3145ebb48a76e85c9a37420c) Importer(815301076,1909f56bfc062723c751e8b465ee728b)
Start importing Assets/Images/PopupElements/square.png using Guid(54ee763a3145ebb48a76e85c9a37420c) Importer(815301076,1909f56bfc062723c751e8b465ee728b)  -> (artifact id: 'b726241554241140594c30bbd417ef43') in 0.030223 seconds 
========================================================================
Received Import Request.
  Time since last request: 0.000024 seconds.
  path: Assets/Images/PopupElements/red_ribbon.png
  artifactKey: Guid(05cf4b2fdbdffa1489cdd968645e9a05) Importer(815301076,1909f56bfc062723c751e8b465ee728b)
Start importing Assets/Images/PopupElements/red_ribbon.png using Guid(05cf4b2fdbdffa1489cdd968645e9a05) Importer(815301076,1909f56bfc062723c751e8b465ee728b)  -> (artifact id: '6fe5553e203f5a5b96959ac350eae944') in 0.375029 seconds 
========================================================================
Received Import Request.
  Time since last request: 0.000036 seconds.
  path: Assets/Images/PopupElements/small_star.png
  artifactKey: Guid(ba14e1ef8d8a2fd408da6978d3a497f0) Importer(815301076,1909f56bfc062723c751e8b465ee728b)
Start importing Assets/Images/PopupElements/small_star.png using Guid(ba14e1ef8d8a2fd408da6978d3a497f0) Importer(815301076,1909f56bfc062723c751e8b465ee728b)  -> (artifact id: '109837690353588045cd7a6ef5512059') in 0.059376 seconds 
========================================================================
Received Import Request.
  Time since last request: 0.000020 seconds.
  path: Assets/Images/PopupElements/empty_small_star.png
  artifactKey: Guid(9cd06e6f42b5fec42bcdb65fbfc0a4ea) Importer(815301076,1909f56bfc062723c751e8b465ee728b)
Start importing Assets/Images/PopupElements/empty_small_star.png using Guid(9cd06e6f42b5fec42bcdb65fbfc0a4ea) Importer(815301076,1909f56bfc062723c751e8b465ee728b)  -> (artifact id: '356e0975f50cb5ae90910687a36a03b8') in 0.052187 seconds 
========================================================================
Received Import Request.
  Time since last request: 0.000020 seconds.
  path: Assets/Images/PopupElements/wood_panel.png
  artifactKey: Guid(13cede1241d729e4189f9c743d5a4ed6) Importer(815301076,1909f56bfc062723c751e8b465ee728b)
Start importing Assets/Images/PopupElements/wood_panel.png using Guid(13cede1241d729e4189f9c743d5a4ed6) Importer(815301076,1909f56bfc062723c751e8b465ee728b)  -> (artifact id: '27c7f46778196c4128b3d71cb63592ac') in 0.381475 seconds 
========================================================================
Received Import Request.
  Time since last request: 0.000029 seconds.
  path: Assets/Images/PopupElements/rectangle.png
  artifactKey: Guid(47c44d7a43f5325469bf421f85d2173d) Importer(815301076,1909f56bfc062723c751e8b465ee728b)
Start importing Assets/Images/PopupElements/rectangle.png using Guid(47c44d7a43f5325469bf421f85d2173d) Importer(815301076,1909f56bfc062723c751e8b465ee728b)  -> (artifact id: '25a1f3dc93946fc9de68ca54b0e21ac4') in 0.120454 seconds 
========================================================================
Received Import Request.
  Time since last request: 0.172482 seconds.
  path: Assets/Images/Settings/music_sign.png
  artifactKey: Guid(bc623c17c10110f4f97cf15c6db7d440) Importer(815301076,1909f56bfc062723c751e8b465ee728b)
Start importing Assets/Images/Settings/music_sign.png using Guid(bc623c17c10110f4f97cf15c6db7d440) Importer(815301076,1909f56bfc062723c751e8b465ee728b)  -> (artifact id: '20638d6fbbc92fe93995a7282d5e5ee0') in 0.040111 seconds 
========================================================================
Received Import Request.
  Time since last request: 0.000022 seconds.
  path: Assets/Images/Settings/notifications_sign.png
  artifactKey: Guid(5c23abb906930e14890dc1b2ed22c4fd) Importer(815301076,1909f56bfc062723c751e8b465ee728b)
Start importing Assets/Images/Settings/notifications_sign.png using Guid(5c23abb906930e14890dc1b2ed22c4fd) Importer(815301076,1909f56bfc062723c751e8b465ee728b)  -> (artifact id: '98d044a3bb2b9dd0770ddae61bfe6570') in 0.015905 seconds 
========================================================================
Received Import Request.
  Time since last request: 0.000024 seconds.
  path: Assets/Images/Settings/switch_circle.png
  artifactKey: Guid(0784b1102587edd46b5081dd37e0b463) Importer(815301076,1909f56bfc062723c751e8b465ee728b)
Start importing Assets/Images/Settings/switch_circle.png using Guid(0784b1102587edd46b5081dd37e0b463) Importer(815301076,1909f56bfc062723c751e8b465ee728b)  -> (artifact id: '527743dfef1f674aa22ef4cfb1341e5e') in 0.014933 seconds 
========================================================================
Received Import Request.
  Time since last request: 0.000017 seconds.
  path: Assets/Images/Settings/switch_off.png
  artifactKey: Guid(306769f48fb26fb469cf6368b17ca559) Importer(815301076,1909f56bfc062723c751e8b465ee728b)
Start importing Assets/Images/Settings/switch_off.png using Guid(306769f48fb26fb469cf6368b17ca559) Importer(815301076,1909f56bfc062723c751e8b465ee728b)  -> (artifact id: 'b0d80d52a198114fb50c2b63d9029228') in 0.031865 seconds 
========================================================================
Received Import Request.
  Time since last request: 0.000022 seconds.
  path: Assets/Images/Settings/switch_rectangle.png
  artifactKey: Guid(9c29de75abfb2f54f98f9279a11d172f) Importer(815301076,1909f56bfc062723c751e8b465ee728b)
Start importing Assets/Images/Settings/switch_rectangle.png using Guid(9c29de75abfb2f54f98f9279a11d172f) Importer(815301076,1909f56bfc062723c751e8b465ee728b)  -> (artifact id: '191d9d6752ab6c37bb08ecf444d1652c') in 0.016852 seconds 
========================================================================
Received Import Request.
  Time since last request: 0.000029 seconds.
  path: Assets/Images/Settings/switch_on.png
  artifactKey: Guid(29ca0c570be5272409b4e1c7c0ad0c9f) Importer(815301076,1909f56bfc062723c751e8b465ee728b)
Start importing Assets/Images/Settings/switch_on.png using Guid(29ca0c570be5272409b4e1c7c0ad0c9f) Importer(815301076,1909f56bfc062723c751e8b465ee728b)  -> (artifact id: '93e7cefe1a213e00a6997de0f6912579') in 0.015780 seconds 
========================================================================
Received Import Request.
  Time since last request: 0.000023 seconds.
  path: Assets/Images/Settings/voice_sign.png
  artifactKey: Guid(7f49acd29b763f249b58a3116d51983e) Importer(815301076,1909f56bfc062723c751e8b465ee728b)
Start importing Assets/Images/Settings/voice_sign.png using Guid(7f49acd29b763f249b58a3116d51983e) Importer(815301076,1909f56bfc062723c751e8b465ee728b)  -> (artifact id: 'cb47adf335a29207d2e39d60abdb370f') in 0.019084 seconds 
========================================================================
Received Import Request.
  Time since last request: 0.000022 seconds.
  path: Assets/Images/Settings/right_sign.png
  artifactKey: Guid(b8fcafc7f07bdb4429b15cf089b36b3b) Importer(815301076,1909f56bfc062723c751e8b465ee728b)
Start importing Assets/Images/Settings/right_sign.png using Guid(b8fcafc7f07bdb4429b15cf089b36b3b) Importer(815301076,1909f56bfc062723c751e8b465ee728b)  -> (artifact id: '3da7eca846183263e8e55e260f7c776e') in 0.016391 seconds 
========================================================================
Received Import Request.
  Time since last request: 0.368831 seconds.
  path: Assets/Images/ShopPopup/low_money.png
  artifactKey: Guid(e56d20374fbc25449baffc7b6b595e81) Importer(815301076,1909f56bfc062723c751e8b465ee728b)
Start importing Assets/Images/ShopPopup/low_money.png using Guid(e56d20374fbc25449baffc7b6b595e81) Importer(815301076,1909f56bfc062723c751e8b465ee728b)  -> (artifact id: 'b6fb029b4f57a6773a09bf0fcfd39617') in 0.025366 seconds 
========================================================================
Received Import Request.
  Time since last request: 0.000017 seconds.
  path: Assets/Images/ShopPopup/money_bag.png
  artifactKey: Guid(ef6642848e9f25448b731c9160cf8e13) Importer(815301076,1909f56bfc062723c751e8b465ee728b)
Start importing Assets/Images/ShopPopup/money_bag.png using Guid(ef6642848e9f25448b731c9160cf8e13) Importer(815301076,1909f56bfc062723c751e8b465ee728b)  -> (artifact id: '5dc48c6df3b0d322daf37a1574adafd5') in 0.081046 seconds 
========================================================================
Received Import Request.
  Time since last request: 0.000016 seconds.
  path: Assets/Images/ShopPopup/more_money.png
  artifactKey: Guid(4f84bca3cf482d3458701e154ed42c54) Importer(815301076,1909f56bfc062723c751e8b465ee728b)
Start importing Assets/Images/ShopPopup/more_money.png using Guid(4f84bca3cf482d3458701e154ed42c54) Importer(815301076,1909f56bfc062723c751e8b465ee728b)  -> (artifact id: 'f21119cb830b94952b6d152dbf466ec4') in 0.017913 seconds 
========================================================================
Received Import Request.
  Time since last request: 0.000021 seconds.
  path: Assets/Images/ShopPopup/rectangle_back.png
  artifactKey: Guid(7cd575deb858ff149bd7711b8e0f7739) Importer(815301076,1909f56bfc062723c751e8b465ee728b)
Start importing Assets/Images/ShopPopup/rectangle_back.png using Guid(7cd575deb858ff149bd7711b8e0f7739) Importer(815301076,1909f56bfc062723c751e8b465ee728b)  -> (artifact id: '9ad2ea8ebbd8c32c9583a3dfd87a821a') in 0.247665 seconds 
========================================================================
Received Import Request.
  Time since last request: 0.000026 seconds.
  path: Assets/Images/ShopPopup/wood.png
  artifactKey: Guid(b7852af3342bb9e4c8d0b8293043faf6) Importer(815301076,1909f56bfc062723c751e8b465ee728b)
Start importing Assets/Images/ShopPopup/wood.png using Guid(b7852af3342bb9e4c8d0b8293043faf6) Importer(815301076,1909f56bfc062723c751e8b465ee728b)  -> (artifact id: 'b2ec284d71a7d481b1d996c38f2940aa') in 0.070089 seconds 
========================================================================
Received Import Request.
  Time since last request: 0.000022 seconds.
  path: Assets/Images/ShopPopup/wood_panel_store.png
  artifactKey: Guid(9859b274467493d42912558744849215) Importer(815301076,1909f56bfc062723c751e8b465ee728b)
Start importing Assets/Images/ShopPopup/wood_panel_store.png using Guid(9859b274467493d42912558744849215) Importer(815301076,1909f56bfc062723c751e8b465ee728b)  -> (artifact id: 'c87ef4859dc2a202eaf9ee992d7040c5') in 0.451720 seconds 
========================================================================
Received Import Request.
  Time since last request: 0.156532 seconds.
  path: Assets/Images/TestAndDev/brown_background_test.jpg
  artifactKey: Guid(5f03d5e4534477241a3d32eeba63d15d) Importer(815301076,1909f56bfc062723c751e8b465ee728b)
Start importing Assets/Images/TestAndDev/brown_background_test.jpg using Guid(5f03d5e4534477241a3d32eeba63d15d) Importer(815301076,1909f56bfc062723c751e8b465ee728b)  -> (artifact id: '4250ff00abc1c889ecfe06f7524cbcbc') in 0.395413 seconds 
========================================================================
Received Import Request.
  Time since last request: 0.000022 seconds.
  path: Assets/Images/TestAndDev/dino1.jpg
  artifactKey: Guid(40894847fe8e4cb47b765daee70dba3c) Importer(815301076,1909f56bfc062723c751e8b465ee728b)
Start importing Assets/Images/TestAndDev/dino1.jpg using Guid(40894847fe8e4cb47b765daee70dba3c) Importer(815301076,1909f56bfc062723c751e8b465ee728b)  -> (artifact id: '2531e59bb41e6bee3128ae265d94b413') in 0.085244 seconds 
========================================================================
Received Import Request.
  Time since last request: 0.000043 seconds.
  path: Assets/Images/TestAndDev/dino2.jpg
  artifactKey: Guid(79ca78c508d2a6241a4d3e758ab08122) Importer(815301076,1909f56bfc062723c751e8b465ee728b)
Start importing Assets/Images/TestAndDev/dino2.jpg using Guid(79ca78c508d2a6241a4d3e758ab08122) Importer(815301076,1909f56bfc062723c751e8b465ee728b)  -> (artifact id: '3976213c63a9ee9af4386ba857d8ab39') in 0.115725 seconds 
========================================================================
Received Import Request.
  Time since last request: 0.000020 seconds.
  path: Assets/Images/TestAndDev/m25eb118.bmp
  artifactKey: Guid(5f9f6134bd95c7f4abdb9a8b56b55685) Importer(815301076,1909f56bfc062723c751e8b465ee728b)
Start importing Assets/Images/TestAndDev/m25eb118.bmp using Guid(5f9f6134bd95c7f4abdb9a8b56b55685) Importer(815301076,1909f56bfc062723c751e8b465ee728b)  -> (artifact id: '8a9baa2958ff4f69a957594b3bd79b76') in 0.070156 seconds 
========================================================================
Received Import Request.
  Time since last request: 0.000019 seconds.
  path: Assets/Images/TestAndDev/w6pmj9w2.bmp
  artifactKey: Guid(7976a2c448e9abf41a59e3220f615894) Importer(815301076,1909f56bfc062723c751e8b465ee728b)
Start importing Assets/Images/TestAndDev/w6pmj9w2.bmp using Guid(7976a2c448e9abf41a59e3220f615894) Importer(815301076,1909f56bfc062723c751e8b465ee728b)  -> (artifact id: 'a9c7409e93ff154ba0ddfa15d95c47d6') in 0.053864 seconds 
========================================================================
Received Import Request.
  Time since last request: 0.000022 seconds.
  path: Assets/Images/TestAndDev/tf0smkxv.bmp
  artifactKey: Guid(d27b521809dae2446bf29a9089d69220) Importer(815301076,1909f56bfc062723c751e8b465ee728b)
Start importing Assets/Images/TestAndDev/tf0smkxv.bmp using Guid(d27b521809dae2446bf29a9089d69220) Importer(815301076,1909f56bfc062723c751e8b465ee728b)  -> (artifact id: '8c86983837fd7210a75b5bf166b702ca') in 0.019945 seconds 
========================================================================
Received Import Request.
  Time since last request: 0.000031 seconds.
  path: Assets/Images/TestAndDev/gold-star-transparent-background-4-Transparent-Images.png
  artifactKey: Guid(7ffa092a139247e4a9ad4ef6b3d26573) Importer(815301076,1909f56bfc062723c751e8b465ee728b)
Start importing Assets/Images/TestAndDev/gold-star-transparent-background-4-Transparent-Images.png using Guid(7ffa092a139247e4a9ad4ef6b3d26573) Importer(815301076,1909f56bfc062723c751e8b465ee728b)  -> (artifact id: '9548288c047a543388a2e0fdb0f00bdb') in 0.070816 seconds 
========================================================================
Received Import Request.
  Time since last request: 0.000020 seconds.
  path: Assets/Images/TestAndDev/red_background_test1.jpg
  artifactKey: Guid(c61307e43d6e2ae4292dbd2b3c19e187) Importer(815301076,1909f56bfc062723c751e8b465ee728b)
Start importing Assets/Images/TestAndDev/red_background_test1.jpg using Guid(c61307e43d6e2ae4292dbd2b3c19e187) Importer(815301076,1909f56bfc062723c751e8b465ee728b)  -> (artifact id: '0bb37d15a50a817e41d2d95d176d4927') in 0.059810 seconds 
========================================================================
Received Import Request.
  Time since last request: 0.000018 seconds.
  path: Assets/Images/TestAndDev/wnm06sf0.bmp
  artifactKey: Guid(de0f87cf2f5838f4f9b9934dd456139c) Importer(815301076,1909f56bfc062723c751e8b465ee728b)
Start importing Assets/Images/TestAndDev/wnm06sf0.bmp using Guid(de0f87cf2f5838f4f9b9934dd456139c) Importer(815301076,1909f56bfc062723c751e8b465ee728b)  -> (artifact id: 'a4b2b20a3c9be86fda90f9f3b6a65e02') in 0.087570 seconds 
